Build started 5/22/2016 1:43:06 PM.
     1>Project "C:\Users\Bablu\Desktop\bablu\school\object oriented C++\Assignments\4th assignment\FourthAssignment\FourthAssignment\FourthAssignment.vcxproj" on node 2 (Build target(s)).
     1>ClCompile:
         C:\Program Files (x86)\Microsoft Visual Studio 12.0\VC\bin\CL.exe /c /ZI /nologo /W3 /WX- /Od /Oy- /D WIN32 /D _DEBUG /D _CONSOLE /D _LIB /D _UNICODE /D UNICODE /Gm /EHsc /RTC1 /MDd /GS /fp:precise /Zc:wchar_t /Zc:forScope /Fo"Debug\\" /Fd"Debug\vc120.pdb" /Gd /TP /analyze- /errorReport:prompt account.cpp checking.cpp customer.cpp saving.cpp test.cpp
         test.cpp
         saving.cpp
         customer.cpp
     1>c:\users\bablu\desktop\bablu\school\object oriented c++\assignments\4th assignment\fourthassignment\fourthassignment\customer.cpp(16): warning C4996: 'strcpy': This function or variable may be unsafe. Consider using strcpy_s instead. To disable deprecation, use _CRT_SECURE_NO_WARNINGS. See online help for details.
                 c:\program files (x86)\microsoft visual studio 12.0\vc\include\string.h(112) : see declaration of 'strcpy'
     1>c:\users\bablu\desktop\bablu\school\object oriented c++\assignments\4th assignment\fourthassignment\fourthassignment\customer.cpp(17): warning C4996: 'strcpy': This function or variable may be unsafe. Consider using strcpy_s instead. To disable deprecation, use _CRT_SECURE_NO_WARNINGS. See online help for details.
                 c:\program files (x86)\microsoft visual studio 12.0\vc\include\string.h(112) : see declaration of 'strcpy'
     1>c:\users\bablu\desktop\bablu\school\object oriented c++\assignments\4th assignment\fourthassignment\fourthassignment\customer.cpp(25): warning C4996: 'strcpy': This function or variable may be unsafe. Consider using strcpy_s instead. To disable deprecation, use _CRT_SECURE_NO_WARNINGS. See online help for details.
                 c:\program files (x86)\microsoft visual studio 12.0\vc\include\string.h(112) : see declaration of 'strcpy'
     1>c:\users\bablu\desktop\bablu\school\object oriented c++\assignments\4th assignment\fourthassignment\fourthassignment\customer.cpp(26): warning C4996: 'strcpy': This function or variable may be unsafe. Consider using strcpy_s instead. To disable deprecation, use _CRT_SECURE_NO_WARNINGS. See online help for details.
                 c:\program files (x86)\microsoft visual studio 12.0\vc\include\string.h(112) : see declaration of 'strcpy'
     1>c:\users\bablu\desktop\bablu\school\object oriented c++\assignments\4th assignment\fourthassignment\fourthassignment\customer.cpp(43): warning C4996: 'strcpy': This function or variable may be unsafe. Consider using strcpy_s instead. To disable deprecation, use _CRT_SECURE_NO_WARNINGS. See online help for details.
                 c:\program files (x86)\microsoft visual studio 12.0\vc\include\string.h(112) : see declaration of 'strcpy'
     1>c:\users\bablu\desktop\bablu\school\object oriented c++\assignments\4th assignment\fourthassignment\fourthassignment\customer.cpp(44): warning C4996: 'strcpy': This function or variable may be unsafe. Consider using strcpy_s instead. To disable deprecation, use _CRT_SECURE_NO_WARNINGS. See online help for details.
                 c:\program files (x86)\microsoft visual studio 12.0\vc\include\string.h(112) : see declaration of 'strcpy'
         checking.cpp
         account.cpp
         Generating Code...
       Link:
         C:\Program Files (x86)\Microsoft Visual Studio 12.0\VC\bin\link.exe /ERRORREPORT:PROMPT /OUT:"C:\Users\Bablu\Desktop\bablu\school\object oriented C++\Assignments\4th assignment\FourthAssignment\Debug\FourthAssignment.exe" /INCREMENTAL /NOLOGO kernel32.lib user32.lib gdi32.lib winspool.lib comdlg32.lib advapi32.lib shell32.lib ole32.lib oleaut32.lib uuid.lib odbc32.lib odbccp32.lib /MANIFEST /MANIFESTUAC:"level='asInvoker' uiAccess='false'" /manifest:embed /DEBUG /PDB:"C:\Users\Bablu\Desktop\bablu\school\object oriented C++\Assignments\4th assignment\FourthAssignment\Debug\FourthAssignment.pdb" /SUBSYSTEM:CONSOLE /TLBID:1 /DYNAMICBASE /NXCOMPAT /IMPLIB:"C:\Users\Bablu\Desktop\bablu\school\object oriented C++\Assignments\4th assignment\FourthAssignment\Debug\FourthAssignment.lib" /MACHINE:X86 Debug\account.obj
         Debug\checking.obj
         Debug\customer.obj
         Debug\saving.obj
         Debug\test.obj
         FourthAssignment.vcxproj -> C:\Users\Bablu\Desktop\bablu\school\object oriented C++\Assignments\4th assignment\FourthAssignment\Debug\FourthAssignment.exe
     1>Done Building Project "C:\Users\Bablu\Desktop\bablu\school\object oriented C++\Assignments\4th assignment\FourthAssignment\FourthAssignment\FourthAssignment.vcxproj" (Build target(s)).

Build succeeded.

Time Elapsed 00:00:02.98
